Environment variables:
  - =C:=C:\Users\AJReddy\git\files\AccountServices-api\src
  - ADSK_CLM_WPAD_PROXY_CHECK=FALSE
  - ALLUSERSPROFILE=C:\ProgramData
  - APPDATA=C:\Users\AJReddy\AppData\Roaming
  - CLASSPATH=.;C:\Program Files\Java\jdk1.8.0_112\lib;C:\Program Files\Java\jdk1.8.0_112\jre\lib
  - COMPUTERNAME=LAPTOP-E84LQ0AC
  - ComSpec=C:\WINDOWS\system32\cmd.exe
  - CommonProgramFiles=C:\Program Files\Common Files
  - CommonProgramFiles(x86)=C:\Program Files (x86)\Common Files
  - CommonProgramW6432=C:\Program Files\Common Files
  - DriverData=C:\Windows\System32\Drivers\DriverData
  - ERROR_CODE=0
  - FSHARPINSTALLDIR=C:\Program Files (x86)\Microsoft SDKs\F#\4.1\Framework\v4.0\
  - GROOVY_HOME=C:\PROGRA~2\Groovy\Groovy-3.0.0
  - GTK_BASEPATH=C:\Program Files (x86)\GtkSharp\2.12\
  - HOMEDRIVE=C:
  - HOMEPATH=\Users\AJReddy
  - JAVA_EXEC="C:\Users\AJReddy\git\files\sonar-scanner-3.3.0.1492-windows\bin\..\jre\bin\java.exe"
  - JAVA_HOME=C:\Users\AJReddy\git\files\sonar-scanner-3.3.0.1492-windows\bin\..\jre
  - JDK_HOME=C:\Program Files\Java\jdk1.8.0_112
  - JRE_HOME=C:\Program Files\Java\jdk1.8.0_112\jre
  - LOCALAPPDATA=C:\Users\AJReddy\AppData\Local
  - LOGONSERVER=\\LAPTOP-E84LQ0AC
  - MDL_SYSTEM_PATH=C:\ProgramData\NVIDIA Corporation\mdl\
  - MYSQLCONNECTOR_ASSEMBLIESPATH=C:\Program Files (x86)\MySQL\Connector NET 6.10\Assemblies\v4.5
  - NUMBER_OF_PROCESSORS=8
  - OS=Windows_NT
  - OneDrive=C:\Users\AJReddy\OneDrive
  - OneDriveConsumer=C:\Users\AJReddy\OneDrive
  - PATHEXT=.COM;.EXE;.BAT;.CMD;.VBS;.VBE;.JS;.JSE;.WSF;.WSH;.MSC;.groovy;.gy
  - PROCESSOR_ARCHITECTURE=AMD64
  - PROCESSOR_IDENTIFIER=Intel64 Family 6 Model 94 Stepping 3, GenuineIntel
  - PROCESSOR_LEVEL=6
  - PROCESSOR_REVISION=5e03
  - PROJECT_HOME=C:\Users\AJReddy\git\files\AccountServices-api\src
  - PROMPT=$P$G
  - PSModulePath=C:\Program Files\WindowsPowerShell\Modules;C:\WINDOWS\system32\WindowsPowerShell\v1.0\Modules;C:\Program Files\WindowsPowerShell\Modules\;C:\Program Files (x86)\Microsoft SDKs\Azure\PowerShell\ResourceManager\AzureResourceManager\;C:\Program Files (x86)\Microsoft SDKs\Azure\PowerShell\ServiceManagement\;C:\Program Files (x86)\Microsoft SDKs\Azure\PowerShell\Storage\;C:\Program Files (x86)\Microsoft SQL Server\140\Tools\PowerShell\Modules\
  - PUBLIC=C:\Users\Public
  - Path=C:\ProgramData\Oracle\Java\javapath;C:\oraclexe\app\oracle\product\11.2.0\server\bin;C:\Windows\system32;C:\Windows;C:\Windows\System32\Wbem;C:\Windows\System32\WindowsPowerShell\v1.0\;C:\Program Files (x86)\NVIDIA Corporation\PhysX\Common;C:\WINDOWS\system32;C:\WINDOWS;C:\WINDOWS\System32\Wbem;C:\WINDOWS\System32\WindowsPowerShell\v1.0\;C:\Program Files\Microsoft SQL Server\130\Tools\Binn\;C:\Program Files\dotnet\;C:\Program Files\Git\cmd;C:\Program Files (x86)\GtkSharp\2.12\bin;C:\Program Files\Microsoft SQL Server\Client SDK\ODBC\130\Tools\Binn\;C:\Program Files (x86)\Microsoft SQL Server\140\Tools\Binn\;C:\Program Files\Microsoft SQL Server\140\Tools\Binn\;C:\Program Files\Microsoft SQL Server\140\DTS\Binn\;C:\Program Files\MySQL\MySQL Utilities 1.6\;C:\Program Files\Java\jdk1.8.0_112\bin;C:\Program Files\nodejs\;C:\WINDOWS\System32\OpenSSH\;C:\Program Files\Intel\WiFi\bin\;C:\Program Files\Common Files\Intel\WirelessCommon\;C:\PROGRA~2\Groovy\Groovy-3.0.0\bin;C:\Program Files\NVIDIA Corporation\NVIDIA NvDLISR;C:\Users\AJReddy\git\files\sonar-scanner-3.3.0.1492-windows\bin;C:\Users\AJReddy\AppData\Local\Microsoft\WindowsApps;C:\Users\AJReddy\AppData\Roaming\npm;C:\Users\AJReddy\AppData\Local\GitHubDesktop\bin
  - ProgramData=C:\ProgramData
  - ProgramFiles=C:\Program Files
  - ProgramFiles(x86)=C:\Program Files (x86)
  - ProgramW6432=C:\Program Files
  - SESSIONNAME=Console
  - SONAR_RUNNER_HOME=C:\Users\AJReddy\git\files\sonar-scanner-3.3.0.1492-windows
  - SONAR_SCANNER_HOME=C:\Users\AJReddy\git\files\sonar-scanner-3.3.0.1492-windows\bin\..
  - SystemDrive=C:
  - SystemRoot=C:\WINDOWS
  - TEMP=C:\Users\AJReddy\AppData\Local\Temp
  - TMP=C:\Users\AJReddy\AppData\Local\Temp
  - USERDOMAIN=LAPTOP-E84LQ0AC
  - USERDOMAIN_ROAMINGPROFILE=LAPTOP-E84LQ0AC
  - USERNAME=AJReddy
  - USERPROFILE=C:\Users\AJReddy
  - VS150COMCOMNTOOLS=C:\Program Files (x86)\Microsoft Visual Studio\2017\Community\Common7\Tools\
  - asl.log=Destination=file
  - scriptdir=C:\Users\AJReddy\git\files\sonar-scanner-3.3.0.1492-windows\bin
  - use_embedded_jre=true
  - windir=C:\WINDOWS
System properties:
  - awt.toolkit=sun.awt.windows.WToolkit
  - file.encoding=Cp1252
  - file.encoding.pkg=sun.io
  - file.separator=\
  - java.awt.graphicsenv=sun.awt.Win32GraphicsEnvironment
  - java.awt.headless=true
  - java.awt.printerjob=sun.awt.windows.WPrinterJob
  - java.class.path=C:\Users\AJReddy\git\files\sonar-scanner-3.3.0.1492-windows\bin\..\lib\sonar-scanner-cli-3.3.0.1492.jar
  - java.class.version=52.0
  - java.endorsed.dirs=C:\Users\AJReddy\git\files\sonar-scanner-3.3.0.1492-windows\jre\lib\endorsed
  - java.ext.dirs=C:\Users\AJReddy\git\files\sonar-scanner-3.3.0.1492-windows\jre\lib\ext;C:\WINDOWS\Sun\Java\lib\ext
  - java.home=C:\Users\AJReddy\git\files\sonar-scanner-3.3.0.1492-windows\jre
  - java.io.tmpdir=C:\Users\AJReddy\AppData\Local\Temp\
  - java.library.path=C:\Users\AJReddy\git\files\sonar-scanner-3.3.0.1492-windows\jre\bin;C:\WINDOWS\Sun\Java\bin;C:\WINDOWS\system32;C:\WINDOWS;C:\ProgramData\Oracle\Java\javapath;C:\oraclexe\app\oracle\product\11.2.0\server\bin;C:\Windows\system32;C:\Windows;C:\Windows\System32\Wbem;C:\Windows\System32\WindowsPowerShell\v1.0\;C:\Program Files (x86)\NVIDIA Corporation\PhysX\Common;C:\WINDOWS\system32;C:\WINDOWS;C:\WINDOWS\System32\Wbem;C:\WINDOWS\System32\WindowsPowerShell\v1.0\;C:\Program Files\Microsoft SQL Server\130\Tools\Binn\;C:\Program Files\dotnet\;C:\Program Files\Git\cmd;C:\Program Files (x86)\GtkSharp\2.12\bin;C:\Program Files\Microsoft SQL Server\Client SDK\ODBC\130\Tools\Binn\;C:\Program Files (x86)\Microsoft SQL Server\140\Tools\Binn\;C:\Program Files\Microsoft SQL Server\140\Tools\Binn\;C:\Program Files\Microsoft SQL Server\140\DTS\Binn\;C:\Program Files\MySQL\MySQL Utilities 1.6\;C:\Program Files\Java\jdk1.8.0_112\bin;C:\Program Files\nodejs\;C:\WINDOWS\System32\OpenSSH\;C:\Program Files\Intel\WiFi\bin\;C:\Program Files\Common Files\Intel\WirelessCommon\;C:\PROGRA~2\Groovy\Groovy-3.0.0\bin;C:\Program Files\NVIDIA Corporation\NVIDIA NvDLISR;C:\Users\AJReddy\git\files\sonar-scanner-3.3.0.1492-windows\bin;C:\Users\AJReddy\AppData\Local\Microsoft\WindowsApps;C:\Users\AJReddy\AppData\Roaming\npm;C:\Users\AJReddy\AppData\Local\GitHubDesktop\bin;.
  - java.runtime.name=Java(TM) SE Runtime Environment
  - java.runtime.version=1.8.0_121-b13
  - java.specification.name=Java Platform API Specification
  - java.specification.vendor=Oracle Corporation
  - java.specification.version=1.8
  - java.vendor=Oracle Corporation
  - java.vendor.url=http://java.oracle.com/
  - java.vendor.url.bug=http://bugreport.sun.com/bugreport/
  - java.version=1.8.0_121
  - java.vm.info=mixed mode
  - java.vm.name=Java HotSpot(TM) 64-Bit Server VM
  - java.vm.specification.name=Java Virtual Machine Specification
  - java.vm.specification.vendor=Oracle Corporation
  - java.vm.specification.version=1.8
  - java.vm.vendor=Oracle Corporation
  - java.vm.version=25.121-b13
  - line.separator=

  - os.arch=amd64
  - os.name=Windows 10
  - os.version=10.0
  - path.separator=;
  - project.home=C:\Users\AJReddy\git\files\AccountServices-api\src
  - scanner.home=C:\Users\AJReddy\git\files\sonar-scanner-3.3.0.1492-windows\bin\..
  - sun.arch.data.model=64
  - sun.boot.class.path=C:\Users\AJReddy\git\files\sonar-scanner-3.3.0.1492-windows\jre\lib\resources.jar;C:\Users\AJReddy\git\files\sonar-scanner-3.3.0.1492-windows\jre\lib\rt.jar;C:\Users\AJReddy\git\files\sonar-scanner-3.3.0.1492-windows\jre\lib\sunrsasign.jar;C:\Users\AJReddy\git\files\sonar-scanner-3.3.0.1492-windows\jre\lib\jsse.jar;C:\Users\AJReddy\git\files\sonar-scanner-3.3.0.1492-windows\jre\lib\jce.jar;C:\Users\AJReddy\git\files\sonar-scanner-3.3.0.1492-windows\jre\lib\charsets.jar;C:\Users\AJReddy\git\files\sonar-scanner-3.3.0.1492-windows\jre\lib\jfr.jar;C:\Users\AJReddy\git\files\sonar-scanner-3.3.0.1492-windows\jre\classes
  - sun.boot.library.path=C:\Users\AJReddy\git\files\sonar-scanner-3.3.0.1492-windows\jre\bin
  - sun.cpu.endian=little
  - sun.cpu.isalist=amd64
  - sun.desktop=windows
  - sun.io.unicode.encoding=UnicodeLittle
  - sun.java.command=org.sonarsource.scanner.cli.Main -X
  - sun.java.launcher=SUN_STANDARD
  - sun.jnu.encoding=Cp1252
  - sun.management.compiler=HotSpot 64-Bit Tiered Compilers
  - sun.os.patch.level=
  - sun.stderr.encoding=cp437
  - sun.stdout.encoding=cp437
  - user.country=US
  - user.dir=C:\Users\AJReddy\git\files\AccountServices-api\src
  - user.home=C:\Users\AJReddy
  - user.language=en
  - user.name=AJReddy
  - user.script=
  - user.timezone=America/New_York
  - user.variant=
SonarQube plugins:
  - SonarPython 1.11.0.2473 (python)
  - SonarCSS 1.0.3.724 (cssfamily)
  - JaCoCo 1.0.1.143 (jacoco)
  - SonarGo 1.1.0.1612 (go)
  - SonarKotlin 1.4.0.155 (kotlin)
  - Svn 1.9.0.1295 (scmsvn)
  - SonarJS 5.0.0.6962 (javascript)
  - SonarRuby 1.4.0.155 (ruby)
  - SonarScala 1.4.0.155 (sonarscala)
  - SonarC# 7.10.0.7896 (csharp)
  - SonarJava 5.10.1.16922 (java)
  - LDAP 2.2.0.608 (ldap)
  - SonarHTML 3.1.0.1615 (web)
  - Git 1.7.0.1491 (scmgit)
  - SonarFlex 2.4.0.1222 (flex)
  - SonarXML 2.0.1.2020 (xml)
  - SonarPHP 2.16.0.4355 (php)
  - SonarTS 1.9.0.3766 (typescript)
  - SonarVB 7.10.0.7896 (vbnet)
Global server settings:
  - sonar.core.id=BF41A1F2-AWjiGZQZDfcdWiKV16l8
  - sonar.core.startTime=2019-02-13T12:14:42-0500
Project server settings:
Project scanner properties:
  - sonar.host.url=http://localhost:9000
  - sonar.jacoco.itReportPath=build/jacoco-it.exec
  - sonar.jacoco.reportPaths=build/jacoco.exec
  - sonar.java.binaries=C:/Users/AJReddy/git/files/AccountServices-api/build/classes
  - sonar.java.coveragePlugin=jacoco
  - sonar.login=******
  - sonar.projectBaseDir=C:\Users\AJReddy\git\files\AccountServices-api\src
  - sonar.projectKey=JavaProject
  - sonar.projectName=AccountServices-api
  - sonar.projectVersion=1.0
  - sonar.scanner.app=ScannerCli
  - sonar.scanner.appVersion=3.3.0.1492
  - sonar.scm.enabled=true
  - sonar.scm.provider=git
  - sonar.sourceEncoding=windows-1252
  - sonar.sources=C:/Users/AJReddy/git/files/AccountServices-api/src
  - sonar.surefire.reportsPath=build/surefire-reports
  - sonar.verbose=true
  - sonar.working.directory=C:\Users\AJReddy\git\files\AccountServices-api\src\.scannerwork
